Creating Graph
Graph Created
Bitcoins Initiated
Transactions Generated
Uncompleted Transactions Stored
Channel Value Calculated
Add Played
Remove Played
Uncompleted Transactions Stored
Channel Value Calculated
Add Played
Remove Played
Uncompleted Transactions Stored
Channel Value Calculated
Add Played
Remove Played
Uncompleted Transactions Stored
Channel Value Calculated
Add Played
Remove Played
Uncompleted Transactions Stored
Channel Value Calculated
Add Played
Remove Played
Uncompleted Transactions Stored
Channel Value Calculated
Add Played
Remove Played
Uncompleted Transactions Stored
Channel Value Calculated
Add Played
Remove Played
